<?xml version="1.0" encoding="UTF-8"?>
<testng-results skipped="0" failed="0" ignored="0" total="1" passed="1">
  <reporter-output>
  </reporter-output>
  <suite name="Command line suite" duration-ms="12269" started-at="2020-05-04T06:03:30Z" finished-at="2020-05-04T06:03:42Z">
    <groups>
    </groups>
    <test name="Command line test" duration-ms="12269" started-at="2020-05-04T06:03:30Z" finished-at="2020-05-04T06:03:42Z">
      <class name="com.abkus1.training.jenkins.SampleSeleniumTest">
        <test-method status="PASS" signature="startBrowser()[pri:0, instance:com.abkus1.training.jenkins.SampleSeleniumTest@4bdcaf36]" name="startBrowser" is-config="true" duration-ms="2726" started-at="2020-05-04T06:03:30Z" finished-at="2020-05-04T06:03:33Z">
          <reporter-output>
          </reporter-output>
        </test-method> <!-- startBrowser -->
        <test-method status="PASS" signature="validateGoogleId()[pri:0, instance:com.abkus1.training.jenkins.SampleSeleniumTest@4bdcaf36]" name="validateGoogleId" duration-ms="9329" started-at="2020-05-04T06:03:33Z" finished-at="2020-05-04T06:03:42Z">
          <reporter-output>
          </reporter-output>
        </test-method> <!-- validateGoogleId -->
        <test-method status="PASS" signature="closeBrowser()[pri:0, instance:com.abkus1.training.jenkins.SampleSeleniumTest@4bdcaf36]" name="closeBrowser" is-config="true" duration-ms="166" started-at="2020-05-04T06:03:42Z" finished-at="2020-05-04T06:03:42Z">
          <reporter-output>
          </reporter-output>
        </test-method> <!-- closeBrowser -->
      </class> <!-- com.abkus1.training.jenkins.SampleSeleniumTest -->
    </test> <!-- Command line test -->
  </suite> <!-- Command line suite -->
</testng-results>
