<?xml version="1.0" encoding="UTF-8"?>
<testng-results skipped="0" failed="0" ignored="0" total="1" passed="1">
  <reporter-output>
  </reporter-output>
  <suite name="Suite" duration-ms="10683" started-at="2020-05-04T05:55:40Z" finished-at="2020-05-04T05:55:50Z">
    <groups>
    </groups>
    <test name="Test" duration-ms="10683" started-at="2020-05-04T05:55:40Z" finished-at="2020-05-04T05:55:50Z">
      <class name="com.abkus1.training.jenkins.SampleSeleniumTest">
        <test-method status="PASS" signature="startBrowser()[pri:0, instance:com.abkus1.training.jenkins.SampleSeleniumTest@6295d394]" name="startBrowser" is-config="true" duration-ms="1462" started-at="2020-05-04T05:55:40Z" finished-at="2020-05-04T05:55:41Z">
          <reporter-output>
          </reporter-output>
        </test-method> <!-- startBrowser -->
        <test-method status="PASS" signature="validateGoogleId()[pri:0, instance:com.abkus1.training.jenkins.SampleSeleniumTest@6295d394]" name="validateGoogleId" duration-ms="9058" started-at="2020-05-04T05:55:41Z" finished-at="2020-05-04T05:55:50Z">
          <reporter-output>
          </reporter-output>
        </test-method> <!-- validateGoogleId -->
        <test-method status="PASS" signature="closeBrowser()[pri:0, instance:com.abkus1.training.jenkins.SampleSeleniumTest@6295d394]" name="closeBrowser" is-config="true" duration-ms="133" started-at="2020-05-04T05:55:50Z" finished-at="2020-05-04T05:55:50Z">
          <reporter-output>
          </reporter-output>
        </test-method> <!-- closeBrowser -->
      </class> <!-- com.abkus1.training.jenkins.SampleSeleniumTest -->
    </test> <!-- Test -->
  </suite> <!-- Suite -->
</testng-results>
